CRITICAL - 2024-02-04 16:32:30 --> date() expects at least 1 argument, 0 given
#0 C:\xampp\htdocs\recuperacao_web2\app\Views\index.php(5): date()
#1 C:\xampp\htdocs\recuperacao_web2\system\View\View.php(210): include('C:\\xampp\\htdocs...')
#2 C:\xampp\htdocs\recuperacao_web2\system\View\View.php(213): CodeIgniter\View\View->CodeIgniter\View\{closure}()
#3 C:\xampp\htdocs\recuperacao_web2\system\Common.php(1089): CodeIgniter\View\View->render('index', Array, true)
#4 C:\xampp\htdocs\recuperacao_web2\app\Controllers\Home.php(18): view('index', Array)
#5 C:\xampp\htdocs\recuperacao_web2\system\CodeIgniter.php(832): App\Controllers\Home->index()
#6 C:\xampp\htdocs\recuperacao_web2\system\CodeIgniter.php(419): CodeIgniter\CodeIgniter->runController(Object(App\Controllers\Home))
#7 C:\xampp\htdocs\recuperacao_web2\system\CodeIgniter.php(326): CodeIgniter\CodeIgniter->handleRequest(NULL, Object(Config\Cache), false)
#8 C:\xampp\htdocs\recuperacao_web2\public\index.php(37): CodeIgniter\CodeIgniter->run()
#9 {main}
CRITICAL - 2024-02-04 16:33:04 --> date(): Argument #2 ($timestamp) must be of type ?int, string given
#0 C:\xampp\htdocs\recuperacao_web2\app\Views\index.php(5): date('1707085984', 'dd/mm/aaaa')
#1 C:\xampp\htdocs\recuperacao_web2\system\View\View.php(210): include('C:\\xampp\\htdocs...')
#2 C:\xampp\htdocs\recuperacao_web2\system\View\View.php(213): CodeIgniter\View\View->CodeIgniter\View\{closure}()
#3 C:\xampp\htdocs\recuperacao_web2\system\Common.php(1089): CodeIgniter\View\View->render('index', Array, true)
#4 C:\xampp\htdocs\recuperacao_web2\app\Controllers\Home.php(18): view('index', Array)
#5 C:\xampp\htdocs\recuperacao_web2\system\CodeIgniter.php(832): App\Controllers\Home->index()
#6 C:\xampp\htdocs\recuperacao_web2\system\CodeIgniter.php(419): CodeIgniter\CodeIgniter->runController(Object(App\Controllers\Home))
#7 C:\xampp\htdocs\recuperacao_web2\system\CodeIgniter.php(326): CodeIgniter\CodeIgniter->handleRequest(NULL, Object(Config\Cache), false)
#8 C:\xampp\htdocs\recuperacao_web2\public\index.php(37): CodeIgniter\CodeIgniter->run()
#9 {main}
CRITICAL - 2024-02-04 16:50:03 --> date(): Argument #2 ($timestamp) must be of type ?int, string given
#0 C:\xampp\htdocs\recuperacao_web2\app\Views\index.php(13): date('d/m/Y', '2024-02-04')
#1 C:\xampp\htdocs\recuperacao_web2\system\View\View.php(210): include('C:\\xampp\\htdocs...')
#2 C:\xampp\htdocs\recuperacao_web2\system\View\View.php(213): CodeIgniter\View\View->CodeIgniter\View\{closure}()
#3 C:\xampp\htdocs\recuperacao_web2\system\Common.php(1089): CodeIgniter\View\View->render('index', Array, true)
#4 C:\xampp\htdocs\recuperacao_web2\app\Controllers\Home.php(18): view('index', Array)
#5 C:\xampp\htdocs\recuperacao_web2\system\CodeIgniter.php(832): App\Controllers\Home->index()
#6 C:\xampp\htdocs\recuperacao_web2\system\CodeIgniter.php(419): CodeIgniter\CodeIgniter->runController(Object(App\Controllers\Home))
#7 C:\xampp\htdocs\recuperacao_web2\system\CodeIgniter.php(326): CodeIgniter\CodeIgniter->handleRequest(NULL, Object(Config\Cache), false)
#8 C:\xampp\htdocs\recuperacao_web2\public\index.php(37): CodeIgniter\CodeIgniter->run()
#9 {main}
CRITICAL - 2024-02-04 16:51:37 --> date_format(): Argument #1 ($object) must be of type DateTimeInterface, string given
#0 C:\xampp\htdocs\recuperacao_web2\app\Views\index.php(13): date_format('2024-02-04', 'd/m/Y')
#1 C:\xampp\htdocs\recuperacao_web2\system\View\View.php(210): include('C:\\xampp\\htdocs...')
#2 C:\xampp\htdocs\recuperacao_web2\system\View\View.php(213): CodeIgniter\View\View->CodeIgniter\View\{closure}()
#3 C:\xampp\htdocs\recuperacao_web2\system\Common.php(1089): CodeIgniter\View\View->render('index', Array, true)
#4 C:\xampp\htdocs\recuperacao_web2\app\Controllers\Home.php(18): view('index', Array)
#5 C:\xampp\htdocs\recuperacao_web2\system\CodeIgniter.php(832): App\Controllers\Home->index()
#6 C:\xampp\htdocs\recuperacao_web2\system\CodeIgniter.php(419): CodeIgniter\CodeIgniter->runController(Object(App\Controllers\Home))
#7 C:\xampp\htdocs\recuperacao_web2\system\CodeIgniter.php(326): CodeIgniter\CodeIgniter->handleRequest(NULL, Object(Config\Cache), false)
#8 C:\xampp\htdocs\recuperacao_web2\public\index.php(37): CodeIgniter\CodeIgniter->run()
#9 {main}
CRITICAL - 2024-02-04 16:51:38 --> date_format(): Argument #1 ($object) must be of type DateTimeInterface, string given
#0 C:\xampp\htdocs\recuperacao_web2\app\Views\index.php(13): date_format('2024-02-04', 'd/m/Y')
#1 C:\xampp\htdocs\recuperacao_web2\system\View\View.php(210): include('C:\\xampp\\htdocs...')
#2 C:\xampp\htdocs\recuperacao_web2\system\View\View.php(213): CodeIgniter\View\View->CodeIgniter\View\{closure}()
#3 C:\xampp\htdocs\recuperacao_web2\system\Common.php(1089): CodeIgniter\View\View->render('index', Array, true)
#4 C:\xampp\htdocs\recuperacao_web2\app\Controllers\Home.php(18): view('index', Array)
#5 C:\xampp\htdocs\recuperacao_web2\system\CodeIgniter.php(832): App\Controllers\Home->index()
#6 C:\xampp\htdocs\recuperacao_web2\system\CodeIgniter.php(419): CodeIgniter\CodeIgniter->runController(Object(App\Controllers\Home))
#7 C:\xampp\htdocs\recuperacao_web2\system\CodeIgniter.php(326): CodeIgniter\CodeIgniter->handleRequest(NULL, Object(Config\Cache), false)
#8 C:\xampp\htdocs\recuperacao_web2\public\index.php(37): CodeIgniter\CodeIgniter->run()
#9 {main}
CRITICAL - 2024-02-04 16:51:38 --> date_format(): Argument #1 ($object) must be of type DateTimeInterface, string given
#0 C:\xampp\htdocs\recuperacao_web2\app\Views\index.php(13): date_format('2024-02-04', 'd/m/Y')
#1 C:\xampp\htdocs\recuperacao_web2\system\View\View.php(210): include('C:\\xampp\\htdocs...')
#2 C:\xampp\htdocs\recuperacao_web2\system\View\View.php(213): CodeIgniter\View\View->CodeIgniter\View\{closure}()
#3 C:\xampp\htdocs\recuperacao_web2\system\Common.php(1089): CodeIgniter\View\View->render('index', Array, true)
#4 C:\xampp\htdocs\recuperacao_web2\app\Controllers\Home.php(18): view('index', Array)
#5 C:\xampp\htdocs\recuperacao_web2\system\CodeIgniter.php(832): App\Controllers\Home->index()
#6 C:\xampp\htdocs\recuperacao_web2\system\CodeIgniter.php(419): CodeIgniter\CodeIgniter->runController(Object(App\Controllers\Home))
#7 C:\xampp\htdocs\recuperacao_web2\system\CodeIgniter.php(326): CodeIgniter\CodeIgniter->handleRequest(NULL, Object(Config\Cache), false)
#8 C:\xampp\htdocs\recuperacao_web2\public\index.php(37): CodeIgniter\CodeIgniter->run()
#9 {main}
CRITICAL - 2024-02-04 16:51:38 --> date_format(): Argument #1 ($object) must be of type DateTimeInterface, string given
#0 C:\xampp\htdocs\recuperacao_web2\app\Views\index.php(13): date_format('2024-02-04', 'd/m/Y')
#1 C:\xampp\htdocs\recuperacao_web2\system\View\View.php(210): include('C:\\xampp\\htdocs...')
#2 C:\xampp\htdocs\recuperacao_web2\system\View\View.php(213): CodeIgniter\View\View->CodeIgniter\View\{closure}()
#3 C:\xampp\htdocs\recuperacao_web2\system\Common.php(1089): CodeIgniter\View\View->render('index', Array, true)
#4 C:\xampp\htdocs\recuperacao_web2\app\Controllers\Home.php(18): view('index', Array)
#5 C:\xampp\htdocs\recuperacao_web2\system\CodeIgniter.php(832): App\Controllers\Home->index()
#6 C:\xampp\htdocs\recuperacao_web2\system\CodeIgniter.php(419): CodeIgniter\CodeIgniter->runController(Object(App\Controllers\Home))
#7 C:\xampp\htdocs\recuperacao_web2\system\CodeIgniter.php(326): CodeIgniter\CodeIgniter->handleRequest(NULL, Object(Config\Cache), false)
#8 C:\xampp\htdocs\recuperacao_web2\public\index.php(37): CodeIgniter\CodeIgniter->run()
#9 {main}
CRITICAL - 2024-02-04 16:58:02 --> Object of class App\Controllers\Home could not be converted to string
#0 C:\xampp\htdocs\recuperacao_web2\system\CodeIgniter.php(832): App\Controllers\Home->form_alteracao('1')
#1 C:\xampp\htdocs\recuperacao_web2\system\CodeIgniter.php(419): CodeIgniter\CodeIgniter->runController(Object(App\Controllers\Home))
#2 C:\xampp\htdocs\recuperacao_web2\system\CodeIgniter.php(326): CodeIgniter\CodeIgniter->handleRequest(NULL, Object(Config\Cache), false)
#3 C:\xampp\htdocs\recuperacao_web2\public\index.php(37): CodeIgniter\CodeIgniter->run()
#4 {main}
CRITICAL - 2024-02-04 16:58:20 --> Object of class App\Controllers\Home could not be converted to string
#0 C:\xampp\htdocs\recuperacao_web2\system\CodeIgniter.php(832): App\Controllers\Home->form_alteracao('1')
#1 C:\xampp\htdocs\recuperacao_web2\system\CodeIgniter.php(419): CodeIgniter\CodeIgniter->runController(Object(App\Controllers\Home))
#2 C:\xampp\htdocs\recuperacao_web2\system\CodeIgniter.php(326): CodeIgniter\CodeIgniter->handleRequest(NULL, Object(Config\Cache), false)
#3 C:\xampp\htdocs\recuperacao_web2\public\index.php(37): CodeIgniter\CodeIgniter->run()
#4 {main}
CRITICAL - 2024-02-04 16:58:25 --> Undefined variable $id
#0 C:\xampp\htdocs\recuperacao_web2\app\Views\alterar.php(6): CodeIgniter\Debug\Exceptions->errorHandler(2, 'Undefined varia...', 'C:\\xampp\\htdocs...', 6)
#1 C:\xampp\htdocs\recuperacao_web2\system\View\View.php(210): include('C:\\xampp\\htdocs...')
#2 C:\xampp\htdocs\recuperacao_web2\system\View\View.php(213): CodeIgniter\View\View->CodeIgniter\View\{closure}()
#3 C:\xampp\htdocs\recuperacao_web2\system\Common.php(1089): CodeIgniter\View\View->render('alterar', Array, true)
#4 C:\xampp\htdocs\recuperacao_web2\app\Controllers\Home.php(43): view('alterar', Array)
#5 C:\xampp\htdocs\recuperacao_web2\system\CodeIgniter.php(832): App\Controllers\Home->form_alteracao('1')
#6 C:\xampp\htdocs\recuperacao_web2\system\CodeIgniter.php(419): CodeIgniter\CodeIgniter->runController(Object(App\Controllers\Home))
#7 C:\xampp\htdocs\recuperacao_web2\system\CodeIgniter.php(326): CodeIgniter\CodeIgniter->handleRequest(NULL, Object(Config\Cache), false)
#8 C:\xampp\htdocs\recuperacao_web2\public\index.php(37): CodeIgniter\CodeIgniter->run()
#9 {main}
CRITICAL - 2024-02-04 16:59:13 --> Undefined variable $id
#0 C:\xampp\htdocs\recuperacao_web2\app\Views\alterar.php(6): CodeIgniter\Debug\Exceptions->errorHandler(2, 'Undefined varia...', 'C:\\xampp\\htdocs...', 6)
#1 C:\xampp\htdocs\recuperacao_web2\system\View\View.php(210): include('C:\\xampp\\htdocs...')
#2 C:\xampp\htdocs\recuperacao_web2\system\View\View.php(213): CodeIgniter\View\View->CodeIgniter\View\{closure}()
#3 C:\xampp\htdocs\recuperacao_web2\system\Common.php(1089): CodeIgniter\View\View->render('alterar', Array, true)
#4 C:\xampp\htdocs\recuperacao_web2\app\Controllers\Home.php(44): view('alterar', Array)
#5 C:\xampp\htdocs\recuperacao_web2\system\CodeIgniter.php(832): App\Controllers\Home->form_alteracao('1')
#6 C:\xampp\htdocs\recuperacao_web2\system\CodeIgniter.php(419): CodeIgniter\CodeIgniter->runController(Object(App\Controllers\Home))
#7 C:\xampp\htdocs\recuperacao_web2\system\CodeIgniter.php(326): CodeIgniter\CodeIgniter->handleRequest(NULL, Object(Config\Cache), false)
#8 C:\xampp\htdocs\recuperacao_web2\public\index.php(37): CodeIgniter\CodeIgniter->run()
#9 {main}
CRITICAL - 2024-02-04 16:59:30 --> Undefined variable $id
#0 C:\xampp\htdocs\recuperacao_web2\app\Views\alterar.php(6): CodeIgniter\Debug\Exceptions->errorHandler(2, 'Undefined varia...', 'C:\\xampp\\htdocs...', 6)
#1 C:\xampp\htdocs\recuperacao_web2\system\View\View.php(210): include('C:\\xampp\\htdocs...')
#2 C:\xampp\htdocs\recuperacao_web2\system\View\View.php(213): CodeIgniter\View\View->CodeIgniter\View\{closure}()
#3 C:\xampp\htdocs\recuperacao_web2\system\Common.php(1089): CodeIgniter\View\View->render('alterar', Array, true)
#4 C:\xampp\htdocs\recuperacao_web2\app\Controllers\Home.php(45): view('alterar', Array)
#5 C:\xampp\htdocs\recuperacao_web2\system\CodeIgniter.php(832): App\Controllers\Home->form_alteracao('1')
#6 C:\xampp\htdocs\recuperacao_web2\system\CodeIgniter.php(419): CodeIgniter\CodeIgniter->runController(Object(App\Controllers\Home))
#7 C:\xampp\htdocs\recuperacao_web2\system\CodeIgniter.php(326): CodeIgniter\CodeIgniter->handleRequest(NULL, Object(Config\Cache), false)
#8 C:\xampp\htdocs\recuperacao_web2\public\index.php(37): CodeIgniter\CodeIgniter->run()
#9 {main}
CRITICAL - 2024-02-04 17:00:22 --> Undefined array key "id"
#0 C:\xampp\htdocs\recuperacao_web2\app\Views\alterar.php(6): CodeIgniter\Debug\Exceptions->errorHandler(2, 'Undefined array...', 'C:\\xampp\\htdocs...', 6)
#1 C:\xampp\htdocs\recuperacao_web2\system\View\View.php(210): include('C:\\xampp\\htdocs...')
#2 C:\xampp\htdocs\recuperacao_web2\system\View\View.php(213): CodeIgniter\View\View->CodeIgniter\View\{closure}()
#3 C:\xampp\htdocs\recuperacao_web2\system\Common.php(1089): CodeIgniter\View\View->render('alterar', Array, true)
#4 C:\xampp\htdocs\recuperacao_web2\app\Controllers\Home.php(43): view('alterar', Array)
#5 C:\xampp\htdocs\recuperacao_web2\system\CodeIgniter.php(832): App\Controllers\Home->form_alteracao('1')
#6 C:\xampp\htdocs\recuperacao_web2\system\CodeIgniter.php(419): CodeIgniter\CodeIgniter->runController(Object(App\Controllers\Home))
#7 C:\xampp\htdocs\recuperacao_web2\system\CodeIgniter.php(326): CodeIgniter\CodeIgniter->handleRequest(NULL, Object(Config\Cache), false)
#8 C:\xampp\htdocs\recuperacao_web2\public\index.php(37): CodeIgniter\CodeIgniter->run()
#9 {main}
CRITICAL - 2024-02-04 17:00:23 --> Undefined array key "id"
#0 C:\xampp\htdocs\recuperacao_web2\app\Views\alterar.php(6): CodeIgniter\Debug\Exceptions->errorHandler(2, 'Undefined array...', 'C:\\xampp\\htdocs...', 6)
#1 C:\xampp\htdocs\recuperacao_web2\system\View\View.php(210): include('C:\\xampp\\htdocs...')
#2 C:\xampp\htdocs\recuperacao_web2\system\View\View.php(213): CodeIgniter\View\View->CodeIgniter\View\{closure}()
#3 C:\xampp\htdocs\recuperacao_web2\system\Common.php(1089): CodeIgniter\View\View->render('alterar', Array, true)
#4 C:\xampp\htdocs\recuperacao_web2\app\Controllers\Home.php(43): view('alterar', Array)
#5 C:\xampp\htdocs\recuperacao_web2\system\CodeIgniter.php(832): App\Controllers\Home->form_alteracao('1')
#6 C:\xampp\htdocs\recuperacao_web2\system\CodeIgniter.php(419): CodeIgniter\CodeIgniter->runController(Object(App\Controllers\Home))
#7 C:\xampp\htdocs\recuperacao_web2\system\CodeIgniter.php(326): CodeIgniter\CodeIgniter->handleRequest(NULL, Object(Config\Cache), false)
#8 C:\xampp\htdocs\recuperacao_web2\public\index.php(37): CodeIgniter\CodeIgniter->run()
#9 {main}
CRITICAL - 2024-02-04 17:00:23 --> Undefined array key "id"
#0 C:\xampp\htdocs\recuperacao_web2\app\Views\alterar.php(6): CodeIgniter\Debug\Exceptions->errorHandler(2, 'Undefined array...', 'C:\\xampp\\htdocs...', 6)
#1 C:\xampp\htdocs\recuperacao_web2\system\View\View.php(210): include('C:\\xampp\\htdocs...')
#2 C:\xampp\htdocs\recuperacao_web2\system\View\View.php(213): CodeIgniter\View\View->CodeIgniter\View\{closure}()
#3 C:\xampp\htdocs\recuperacao_web2\system\Common.php(1089): CodeIgniter\View\View->render('alterar', Array, true)
#4 C:\xampp\htdocs\recuperacao_web2\app\Controllers\Home.php(43): view('alterar', Array)
#5 C:\xampp\htdocs\recuperacao_web2\system\CodeIgniter.php(832): App\Controllers\Home->form_alteracao('1')
#6 C:\xampp\htdocs\recuperacao_web2\system\CodeIgniter.php(419): CodeIgniter\CodeIgniter->runController(Object(App\Controllers\Home))
#7 C:\xampp\htdocs\recuperacao_web2\system\CodeIgniter.php(326): CodeIgniter\CodeIgniter->handleRequest(NULL, Object(Config\Cache), false)
#8 C:\xampp\htdocs\recuperacao_web2\public\index.php(37): CodeIgniter\CodeIgniter->run()
#9 {main}
CRITICAL - 2024-02-04 17:00:34 --> syntax error, unexpected token ";"
#0 C:\xampp\htdocs\recuperacao_web2\system\View\View.php(213): CodeIgniter\View\View->CodeIgniter\View\{closure}()
#1 C:\xampp\htdocs\recuperacao_web2\system\Common.php(1089): CodeIgniter\View\View->render('alterar', Array, true)
#2 C:\xampp\htdocs\recuperacao_web2\app\Controllers\Home.php(43): view('alterar', Array)
#3 C:\xampp\htdocs\recuperacao_web2\system\CodeIgniter.php(832): App\Controllers\Home->form_alteracao('1')
#4 C:\xampp\htdocs\recuperacao_web2\system\CodeIgniter.php(419): CodeIgniter\CodeIgniter->runController(Object(App\Controllers\Home))
#5 C:\xampp\htdocs\recuperacao_web2\system\CodeIgniter.php(326): CodeIgniter\CodeIgniter->handleRequest(NULL, Object(Config\Cache), false)
#6 C:\xampp\htdocs\recuperacao_web2\public\index.php(37): CodeIgniter\CodeIgniter->run()
#7 {main}
CRITICAL - 2024-02-04 17:01:54 --> syntax error, unexpected token "return"
#0 C:\xampp\htdocs\recuperacao_web2\system\Autoloader\Autoloader.php(241): CodeIgniter\Autoloader\Autoloader->includeFile('C:\\xampp\\htdocs...')
#1 C:\xampp\htdocs\recuperacao_web2\system\Autoloader\Autoloader.php(219): CodeIgniter\Autoloader\Autoloader->loadInNamespace('App\\Models\\Defa...')
#2 C:\xampp\htdocs\recuperacao_web2\app\Controllers\Home.php(11): CodeIgniter\Autoloader\Autoloader->loadClass('App\\Models\\Defa...')
#3 C:\xampp\htdocs\recuperacao_web2\system\CodeIgniter.php(809): App\Controllers\Home->__construct()
#4 C:\xampp\htdocs\recuperacao_web2\system\CodeIgniter.php(410): CodeIgniter\CodeIgniter->createController()
#5 C:\xampp\htdocs\recuperacao_web2\system\CodeIgniter.php(326): CodeIgniter\CodeIgniter->handleRequest(NULL, Object(Config\Cache), false)
#6 C:\xampp\htdocs\recuperacao_web2\public\index.php(37): CodeIgniter\CodeIgniter->run()
#7 {main}
CRITICAL - 2024-02-04 17:10:03 --> syntax error, unexpected token "return"
#0 C:\xampp\htdocs\recuperacao_web2\system\Autoloader\Autoloader.php(241): CodeIgniter\Autoloader\Autoloader->includeFile('C:\\xampp\\htdocs...')
#1 C:\xampp\htdocs\recuperacao_web2\system\Autoloader\Autoloader.php(219): CodeIgniter\Autoloader\Autoloader->loadInNamespace('App\\Models\\Defa...')
#2 C:\xampp\htdocs\recuperacao_web2\app\Controllers\Home.php(11): CodeIgniter\Autoloader\Autoloader->loadClass('App\\Models\\Defa...')
#3 C:\xampp\htdocs\recuperacao_web2\system\CodeIgniter.php(809): App\Controllers\Home->__construct()
#4 C:\xampp\htdocs\recuperacao_web2\system\CodeIgniter.php(410): CodeIgniter\CodeIgniter->createController()
#5 C:\xampp\htdocs\recuperacao_web2\system\CodeIgniter.php(326): CodeIgniter\CodeIgniter->handleRequest(NULL, Object(Config\Cache), false)
#6 C:\xampp\htdocs\recuperacao_web2\public\index.php(37): CodeIgniter\CodeIgniter->run()
#7 {main}
CRITICAL - 2024-02-04 17:10:10 --> Call to undefined method CodeIgniter\Database\MySQLi\Builder::order_by()
#0 C:\xampp\htdocs\recuperacao_web2\app\Controllers\Home.php(16): App\Models\DefaultModel->lista_despesas()
#1 C:\xampp\htdocs\recuperacao_web2\system\CodeIgniter.php(832): App\Controllers\Home->index()
#2 C:\xampp\htdocs\recuperacao_web2\system\CodeIgniter.php(419): CodeIgniter\CodeIgniter->runController(Object(App\Controllers\Home))
#3 C:\xampp\htdocs\recuperacao_web2\system\CodeIgniter.php(326): CodeIgniter\CodeIgniter->handleRequest(NULL, Object(Config\Cache), false)
#4 C:\xampp\htdocs\recuperacao_web2\public\index.php(37): CodeIgniter\CodeIgniter->run()
#5 {main}
CRITICAL - 2024-02-04 17:10:24 --> Call to undefined method CodeIgniter\Database\MySQLi\Builder::order()
#0 C:\xampp\htdocs\recuperacao_web2\app\Controllers\Home.php(16): App\Models\DefaultModel->lista_despesas()
#1 C:\xampp\htdocs\recuperacao_web2\system\CodeIgniter.php(832): App\Controllers\Home->index()
#2 C:\xampp\htdocs\recuperacao_web2\system\CodeIgniter.php(419): CodeIgniter\CodeIgniter->runController(Object(App\Controllers\Home))
#3 C:\xampp\htdocs\recuperacao_web2\system\CodeIgniter.php(326): CodeIgniter\CodeIgniter->handleRequest(NULL, Object(Config\Cache), false)
#4 C:\xampp\htdocs\recuperacao_web2\public\index.php(37): CodeIgniter\CodeIgniter->run()
#5 {main}
CRITICAL - 2024-02-04 17:11:15 --> Call to undefined method CodeIgniter\Database\MySQLi\Connection::order_by()
#0 C:\xampp\htdocs\recuperacao_web2\app\Controllers\Home.php(11): App\Models\DefaultModel->__construct()
#1 C:\xampp\htdocs\recuperacao_web2\system\CodeIgniter.php(809): App\Controllers\Home->__construct()
#2 C:\xampp\htdocs\recuperacao_web2\system\CodeIgniter.php(410): CodeIgniter\CodeIgniter->createController()
#3 C:\xampp\htdocs\recuperacao_web2\system\CodeIgniter.php(326): CodeIgniter\CodeIgniter->handleRequest(NULL, Object(Config\Cache), false)
#4 C:\xampp\htdocs\recuperacao_web2\public\index.php(37): CodeIgniter\CodeIgniter->run()
#5 {main}
CRITICAL - 2024-02-04 17:11:16 --> Call to undefined method CodeIgniter\Database\MySQLi\Connection::order_by()
#0 C:\xampp\htdocs\recuperacao_web2\app\Controllers\Home.php(11): App\Models\DefaultModel->__construct()
#1 C:\xampp\htdocs\recuperacao_web2\system\CodeIgniter.php(809): App\Controllers\Home->__construct()
#2 C:\xampp\htdocs\recuperacao_web2\system\CodeIgniter.php(410): CodeIgniter\CodeIgniter->createController()
#3 C:\xampp\htdocs\recuperacao_web2\system\CodeIgniter.php(326): CodeIgniter\CodeIgniter->handleRequest(NULL, Object(Config\Cache), false)
#4 C:\xampp\htdocs\recuperacao_web2\public\index.php(37): CodeIgniter\CodeIgniter->run()
#5 {main}
CRITICAL - 2024-02-04 17:11:16 --> Call to undefined method CodeIgniter\Database\MySQLi\Connection::order_by()
#0 C:\xampp\htdocs\recuperacao_web2\app\Controllers\Home.php(11): App\Models\DefaultModel->__construct()
#1 C:\xampp\htdocs\recuperacao_web2\system\CodeIgniter.php(809): App\Controllers\Home->__construct()
#2 C:\xampp\htdocs\recuperacao_web2\system\CodeIgniter.php(410): CodeIgniter\CodeIgniter->createController()
#3 C:\xampp\htdocs\recuperacao_web2\system\CodeIgniter.php(326): CodeIgniter\CodeIgniter->handleRequest(NULL, Object(Config\Cache), false)
#4 C:\xampp\htdocs\recuperacao_web2\public\index.php(37): CodeIgniter\CodeIgniter->run()
#5 {main}
